<?xml version="1.0" encoding="UTF-8"?>
<!-- Generated by org.testng.reporters.JUnitReportReporter -->
<testsuite hostname="Anupam-PC" failures="0" tests="1" name="Utilities.Defender.Query.QueryNextentityTest" time="73.384" errors="0" timestamp="2025-02-19T12:17:12 IST" skipped="0">
  <testcase classname="Utilities.Defender.Query.QueryNextentityTest" name="QueryNextentityExecution" time="73.384"/>
  <system-out/>
</testsuite> <!-- Utilities.Defender.Query.QueryNextentityTest -->
