<?xml version="1.0" encoding="UTF-8"?>
<!-- Generated by org.testng.reporters.JUnitReportReporter -->
<testsuite hostname="Anupam-PC" failures="0" tests="1" name="Utilities.Defender.Query.OrganizationQueryTest" time="61.538" errors="0" timestamp="2025-02-05T12:17:48 IST" skipped="0">
  <testcase classname="Utilities.Defender.Query.OrganizationQueryTest" name="AppearanceExecution" time="61.538"/>
  <system-out/>
</testsuite> <!-- Utilities.Defender.Query.OrganizationQueryTest -->
