<?xml version="1.0" encoding="UTF-8"?>
<!-- Generated by org.testng.reporters.JUnitReportReporter -->
<testsuite hostname="Anupam-PC" failures="0" tests="1" name="collation.Organization.CRUDOPERATION" time="218.963" errors="0" timestamp="2025-04-23T12:33:43 IST" skipped="0">
  <testcase classname="collation.Organization.CRUDOPERATION" name="CRUDOPERATIONcreate" time="218.963"/>
  <system-out/>
</testsuite> <!-- collation.Organization.CRUDOPERATION -->
